HHH000412: Hibernate ORM core version 5.4.22.Final
  HCANN000001: Hibernate Commons Annotations {5.1.0.Final}
  HHH10001002: Using Hibernate built-in connection pool (not for production use!)
  HHH10001005: using driver [com.mysql.cj.jdbc.Driver] at URL [jdbc:mysql://localhost:3306/hb-03-one-to-many?useSSL=false&serverTimezone=UTC]
  HHH10001001: Connection properties: {password=****, user=hbstudent}
  HHH10001003: Autocommit mode: false
  HHH000115: Hibernate connection pool size: 1 (min=1)
  HHH000400: Using dialect: org.hibernate.dialect.MySQLDialect
  pradhumna Instructor : Instructor [id=1, firstName=Pradhumna, lastName=Rathore, email=pradhumna@gmail.com, instructorDetail=InstructorDetails [id=1, youTubeChannel=youtube.com/pradhumna, hobby=watching movie]]
   pradhumna Courses : [Course [id=11, title=python]]
  done
  HHH10001008: Cleaning up connection pool [jdbc:mysql://localhost:3306/hb-03-one-to-many?useSSL=false&serverTimezone=UTC]
  HHH000412: Hibernate ORM core version 5.4.22.Final
  HCANN000001: Hibernate Commons Annotations {5.1.0.Final}
  HHH10001002: Using Hibernate built-in connection pool (not for production use!)
  HHH10001005: using driver [com.mysql.cj.jdbc.Driver] at URL [jdbc:mysql://localhost:3306/hb-03-one-to-many?useSSL=false&serverTimezone=UTC]
  HHH10001001: Connection properties: {password=****, user=hbstudent}
  HHH10001003: Autocommit mode: false
  HHH000115: Hibernate connection pool size: 1 (min=1)
  HHH000400: Using dialect: org.hibernate.dialect.MySQLDialect
  pradhumna Instructor : Instructor [id=1, firstName=Pradhumna, lastName=Rathore, email=pradhumna@gmail.com, instructorDetail=InstructorDetails [id=1, youTubeChannel=youtube.com/pradhumna, hobby=watching movie]]
  HHH10001008: Cleaning up connection pool [jdbc:mysql://localhost:3306/hb-03-one-to-many?useSSL=false&serverTimezone=UTC]
  HHH000412: Hibernate ORM core version 5.4.22.Final
  HCANN000001: Hibernate Commons Annotations {5.1.0.Final}
  HHH10001002: Using Hibernate built-in connection pool (not for production use!)
  HHH10001005: using driver [com.mysql.cj.jdbc.Driver] at URL [jdbc:mysql://localhost:3306/hb-03-one-to-many?useSSL=false&serverTimezone=UTC]
  HHH10001001: Connection properties: {password=****, user=hbstudent}
  HHH10001003: Autocommit mode: false
  HHH000115: Hibernate connection pool size: 1 (min=1)
  HHH000400: Using dialect: org.hibernate.dialect.MySQLDialect
  pradhumna Instructor : Instructor [id=1, firstName=Pradhumna, lastName=Rathore, email=pradhumna@gmail.com, instructorDetail=InstructorDetails [id=1, youTubeChannel=youtube.com/pradhumna, hobby=watching movie]]
   pradhumna Courses : [Course [id=11, title=python]]
   pradhumna Courses : [Course [id=11, title=python]]
  HHH10001008: Cleaning up connection pool [jdbc:mysql://localhost:3306/hb-03-one-to-many?useSSL=false&serverTimezone=UTC]
  HHH000412: Hibernate ORM core version 5.4.22.Final
  HCANN000001: Hibernate Commons Annotations {5.1.0.Final}
  HHH10001002: Using Hibernate built-in connection pool (not for production use!)
  HHH10001005: using driver [com.mysql.cj.jdbc.Driver] at URL [jdbc:mysql://localhost:3306/hb-03-one-to-many?useSSL=false&serverTimezone=UTC]
  HHH10001001: Connection properties: {password=****, user=hbstudent}
  HHH10001003: Autocommit mode: false
  HHH000115: Hibernate connection pool size: 1 (min=1)
  HHH000400: Using dialect: org.hibernate.dialect.MySQLDialect
  pradhumna Instructor : Instructor [id=1, firstName=Pradhumna, lastName=Rathore, email=pradhumna@gmail.com, instructorDetail=InstructorDetails [id=1, youTubeChannel=youtube.com/pradhumna, hobby=watching movie]]
   pradhumna Courses : [Course [id=11, title=python]]
   pradhumna Courses : [Course [id=11, title=python]]
  done
  HHH10001008: Cleaning up connection pool [jdbc:mysql://localhost:3306/hb-03-one-to-many?useSSL=false&serverTimezone=UTC]
  HHH000412: Hibernate ORM core version 5.4.22.Final
  HCANN000001: Hibernate Commons Annotations {5.1.0.Final}
  HHH10001002: Using Hibernate built-in connection pool (not for production use!)
  HHH10001005: using driver [com.mysql.cj.jdbc.Driver] at URL [jdbc:mysql://localhost:3306/hb-04-one-to-many-uni?useSSL=false&serverTimezone=UTC]
  HHH10001001: Connection properties: {password=****, user=hbstudent}
  HHH10001003: Autocommit mode: false
  HHH000115: Hibernate connection pool size: 1 (min=1)
  HHH000400: Using dialect: org.hibernate.dialect.MySQLDialect
  saving the review[Review [id=0, comment=very good], Review [id=0, comment=average], Review [id=0, comment=very bad]]

  done
  HHH10001008: Cleaning up connection pool [jdbc:mysql://localhost:3306/hb-04-one-to-many-uni?useSSL=false&serverTimezone=UTC]
  HHH000412: Hibernate ORM core version 5.4.22.Final
  HCANN000001: Hibernate Commons Annotations {5.1.0.Final}
  HHH10001002: Using Hibernate built-in connection pool (not for production use!)
  HHH10001005: using driver [com.mysql.cj.jdbc.Driver] at URL [jdbc:mysql://localhost:3306/hb-04-one-to-many-uni?useSSL=false&serverTimezone=UTC]
  HHH10001001: Connection properties: {password=****, user=hbstudent}
  HHH10001003: Autocommit mode: false
  HHH000115: Hibernate connection pool size: 1 (min=1)
  HHH000400: Using dialect: org.hibernate.dialect.MySQLDialect
  Course [id=10, title=Spring]
  [Review [id=1, comment=very good], Review [id=2, comment=average], Review [id=3, comment=very bad]]
  done
  HHH10001008: Cleaning up connection pool [jdbc:mysql://localhost:3306/hb-04-one-to-many-uni?useSSL=false&serverTimezone=UTC]
  HHH000412: Hibernate ORM core version 5.4.22.Final
  HCANN000001: Hibernate Commons Annotations {5.1.0.Final}
  HHH10001002: Using Hibernate built-in connection pool (not for production use!)
  HHH10001005: using driver [com.mysql.cj.jdbc.Driver] at URL [jdbc:mysql://localhost:3306/hb-04-one-to-many-uni?useSSL=false&serverTimezone=UTC]
  HHH10001001: Connection properties: {password=****, user=hbstudent}
  HHH10001003: Autocommit mode: false
  HHH000115: Hibernate connection pool size: 1 (min=1)
  HHH000400: Using dialect: org.hibernate.dialect.MySQLDialect
  deleting the courseCourse [id=10, title=Spring]
  [Review [id=1, comment=very good], Review [id=2, comment=average], Review [id=3, comment=very bad]]
  done
  HHH10001008: Cleaning up connection pool [jdbc:mysql://localhost:3306/hb-04-one-to-many-uni?useSSL=false&serverTimezone=UTC]
  HHH000412: Hibernate ORM core version 5.4.22.Final
  HCANN000001: Hibernate Commons Annotations {5.1.0.Final}
  HHH10001002: Using Hibernate built-in connection pool (not for production use!)
  HHH10001005: using driver [com.mysql.cj.jdbc.Driver] at URL [jdbc:mysql://localhost:3306/hb-05-many-to-many?useSSL=false&serverTimezone=UTC]
  HHH10001001: Connection properties: {password=****, user=hbstudent}
  HHH10001003: Autocommit mode: false
  HHH000115: Hibernate connection pool size: 1 (min=1)
  HHH000400: Using dialect: org.hibernate.dialect.MySQLDialect
  saving the students
  saved student [Student [id=1, firstName=Pradhumna, lastName=Rathore, email=pradhumna@gmail.com], Student [id=2, firstName=Namrata, lastName=Soni, email=namrata@gmail.com]]
  done
  HHH10001008: Cleaning up connection pool [jdbc:mysql://localhost:3306/hb-05-many-to-many?useSSL=false&serverTimezone=UTC]
  HHH000412: Hibernate ORM core version 5.4.22.Final
  HCANN000001: Hibernate Commons Annotations {5.1.0.Final}
  HHH10001002: Using Hibernate built-in connection pool (not for production use!)
  HHH10001005: using driver [com.mysql.cj.jdbc.Driver] at URL [jdbc:mysql://localhost:3306/hb-05-many-to-many?useSSL=false&serverTimezone=UTC]
  HHH10001001: Connection properties: {password=****, user=hbstudent}
  HHH10001003: Autocommit mode: false
  HHH000115: Hibernate connection pool size: 1 (min=1)
  HHH000400: Using dialect: org.hibernate.dialect.MySQLDialect
  saving the students
  saved student [Student [id=3, firstName=Pradhumna, lastName=Rathore, email=pradhumna@gmail.com], Student [id=4, firstName=Namrata, lastName=Soni, email=namrata@gmail.com]]
  done
  HHH10001008: Cleaning up connection pool [jdbc:mysql://localhost:3306/hb-05-many-to-many?useSSL=false&serverTimezone=UTC]
  