HHH000412: Hibernate ORM core version 5.4.22.Final
  HCANN000001: Hibernate Commons Annotations {5.1.0.Final}
  HHH10001002: Using Hibernate built-in connection pool (not for production use!)
  HHH10001005: using driver [com.mysql.cj.jdbc.Driver] at URL [jdbc:mysql://localhost:3306/hb_student_tracker?useSSL=false&serverTimezone=UTC]
  HHH10001001: Connection properties: {password=****, user=hbstudent}
  HHH10001003: Autocommit mode: false
  HHH000115: Hibernate connection pool size: 1 (min=1)
  HHH000400: Using dialect: org.hibernate.dialect.MySQLDialect
  Creating the new Student object
  saving the student
  done
  HHH10001008: Cleaning up connection pool [jdbc:mysql://localhost:3306/hb_student_tracker?useSSL=false&serverTimezone=UTC]
  HHH000412: Hibernate ORM core version 5.4.22.Final
  HCANN000001: Hibernate Commons Annotations {5.1.0.Final}
  HHH10001002: Using Hibernate built-in connection pool (not for production use!)
  HHH10001005: using driver [com.mysql.cj.jdbc.Driver] at URL [jdbc:mysql://localhost:3306/hb_student_tracker?useSSL=false&serverTimezone=UTC]
  HHH10001001: Connection properties: {password=****, user=hbstudent}
  HHH10001003: Autocommit mode: false
  HHH000115: Hibernate connection pool size: 1 (min=1)
  HHH000400: Using dialect: org.hibernate.dialect.MySQLDialect
  HHH10001008: Cleaning up connection pool [jdbc:mysql://localhost:3306/hb_student_tracker?useSSL=false&serverTimezone=UTC]
  Connection leak detected: there are 1 unclosed connections upon shutting down pool jdbc:mysql://localhost:3306/hb_student_tracker?useSSL=false&serverTimezone=UTC
  HHH000412: Hibernate ORM core version 5.4.22.Final
  HCANN000001: Hibernate Commons Annotations {5.1.0.Final}
  HHH10001002: Using Hibernate built-in connection pool (not for production use!)
  HHH10001005: using driver [com.mysql.cj.jdbc.Driver] at URL [jdbc:mysql://localhost:3306/hb_student_tracker?useSSL=false&serverTimezone=UTC]
  HHH10001001: Connection properties: {password=****, user=hbstudent}
  HHH10001003: Autocommit mode: false
  HHH000115: Hibernate connection pool size: 1 (min=1)
  HHH000400: Using dialect: org.hibernate.dialect.MySQLDialect
  HHH10001008: Cleaning up connection pool [jdbc:mysql://localhost:3306/hb_student_tracker?useSSL=false&serverTimezone=UTC]
  Connection leak detected: there are 1 unclosed connections upon shutting down pool jdbc:mysql://localhost:3306/hb_student_tracker?useSSL=false&serverTimezone=UTC
  HHH000412: Hibernate ORM core version 5.4.22.Final
  HCANN000001: Hibernate Commons Annotations {5.1.0.Final}
  HHH10001002: Using Hibernate built-in connection pool (not for production use!)
  HHH10001005: using driver [com.mysql.cj.jdbc.Driver] at URL [jdbc:mysql://localhost:3306/hb_student_tracker?useSSL=false&serverTimezone=UTC]
  HHH10001001: Connection properties: {password=****, user=hbstudent}
  HHH10001003: Autocommit mode: false
  HHH000115: Hibernate connection pool size: 1 (min=1)
  HHH000400: Using dialect: org.hibernate.dialect.MySQLDialect
  HHH10001008: Cleaning up connection pool [jdbc:mysql://localhost:3306/hb_student_tracker?useSSL=false&serverTimezone=UTC]
  Connection leak detected: there are 1 unclosed connections upon shutting down pool jdbc:mysql://localhost:3306/hb_student_tracker?useSSL=false&serverTimezone=UTC
  HHH000412: Hibernate ORM core version 5.4.22.Final
  HCANN000001: Hibernate Commons Annotations {5.1.0.Final}
  HHH10001002: Using Hibernate built-in connection pool (not for production use!)
  HHH10001005: using driver [com.mysql.cj.jdbc.Driver] at URL [jdbc:mysql://localhost:3306/hb_student_tracker?useSSL=false&serverTimezone=UTC]
  HHH10001001: Connection properties: {password=****, user=hbstudent}
  HHH10001003: Autocommit mode: false
  HHH000115: Hibernate connection pool size: 1 (min=1)
  HHH000400: Using dialect: org.hibernate.dialect.MySQLDialect
  HHH10001008: Cleaning up connection pool [jdbc:mysql://localhost:3306/hb_student_tracker?useSSL=false&serverTimezone=UTC]
  HHH000412: Hibernate ORM core version 5.4.22.Final
  HCANN000001: Hibernate Commons Annotations {5.1.0.Final}
  HHH10001002: Using Hibernate built-in connection pool (not for production use!)
  HHH10001005: using driver [com.mysql.cj.jdbc.Driver] at URL [jdbc:mysql://localhost:3306/hb_student_tracker?useSSL=false&serverTimezone=UTC]
  HHH10001001: Connection properties: {password=****, user=hbstudent}
  HHH10001003: Autocommit mode: false
  HHH000115: Hibernate connection pool size: 1 (min=1)
  HHH000400: Using dialect: org.hibernate.dialect.MySQLDialect
  line 1:8: unexpected token: *
  line 1:8: unexpected token: *
  line 1:8: unexpected token: *
	at org.hibernate.hql.internal.antlr.HqlBaseParser.selectClause(HqlBaseParser.java:1380)
	at org.hibernate.hql.internal.antlr.HqlBaseParser.selectFrom(HqlBaseParser.java:1142)
	at org.hibernate.hql.internal.antlr.HqlBaseParser.queryRule(HqlBaseParser.java:825)
	at org.hibernate.hql.internal.antlr.HqlBaseParser.selectStatement(HqlBaseParser.java:336)
	at org.hibernate.hql.internal.antlr.HqlBaseParser.statement(HqlBaseParser.java:200)
	at org.hibernate.hql.internal.ast.QueryTranslatorImpl.parse(QueryTranslatorImpl.java:294)
	at org.hibernate.hql.internal.ast.QueryTranslatorImpl.doCompile(QueryTranslatorImpl.java:189)
	at org.hibernate.hql.internal.ast.QueryTranslatorImpl.compile(QueryTranslatorImpl.java:144)
	at org.hibernate.engine.query.spi.HQLQueryPlan.<init>(HQLQueryPlan.java:113)
	at org.hibernate.engine.query.spi.HQLQueryPlan.<init>(HQLQueryPlan.java:73)
	at org.hibernate.engine.query.spi.QueryPlanCache.getHQLQueryPlan(QueryPlanCache.java:162)
	at org.hibernate.internal.AbstractSharedSessionContract.getQueryPlan(AbstractSharedSessionContract.java:604)
	at org.hibernate.internal.AbstractSharedSessionContract.createQuery(AbstractSharedSessionContract.java:716)
	at org.hibernate.internal.AbstractSharedSessionContract.createQuery(AbstractSharedSessionContract.java:113)
	at java.base/jdk.internal.reflect.NativeMethodAccessorImpl.invoke0(Native Method)
	at java.base/jdk.internal.reflect.NativeMethodAccessorImpl.invoke(NativeMethodAccessorImpl.java:62)
	at java.base/jdk.internal.reflect.DelegatingMethodAccessorImpl.invoke(DelegatingMethodAccessorImpl.java:43)
	at java.base/java.lang.reflect.Method.invoke(Method.java:564)
	at org.hibernate.context.internal.ThreadLocalSessionContext$TransactionProtectionWrapper.invoke(ThreadLocalSessionContext.java:351)
	at com.sun.proxy.$Proxy32.createQuery(Unknown Source)
	at hibernate.demo.QueryStudentDemo.main(QueryStudentDemo.java:32)
HHH10001008: Cleaning up connection pool [jdbc:mysql://localhost:3306/hb_student_tracker?useSSL=false&serverTimezone=UTC]
  Connection leak detected: there are 1 unclosed connections upon shutting down pool jdbc:mysql://localhost:3306/hb_student_tracker?useSSL=false&serverTimezone=UTC
  HHH000412: Hibernate ORM core version 5.4.22.Final
  HCANN000001: Hibernate Commons Annotations {5.1.0.Final}
  HHH10001002: Using Hibernate built-in connection pool (not for production use!)
  HHH10001005: using driver [com.mysql.cj.jdbc.Driver] at URL [jdbc:mysql://localhost:3306/hb_student_tracker?useSSL=false&serverTimezone=UTC]
  HHH10001001: Connection properties: {password=****, user=hbstudent}
  HHH10001003: Autocommit mode: false
  HHH000115: Hibernate connection pool size: 1 (min=1)
  HHH000400: Using dialect: org.hibernate.dialect.MySQLDialect
  line 1:8: unexpected token: *
  line 1:8: unexpected token: *
  line 1:8: unexpected token: *
	at org.hibernate.hql.internal.antlr.HqlBaseParser.selectClause(HqlBaseParser.java:1380)
	at org.hibernate.hql.internal.antlr.HqlBaseParser.selectFrom(HqlBaseParser.java:1142)
	at org.hibernate.hql.internal.antlr.HqlBaseParser.queryRule(HqlBaseParser.java:825)
	at org.hibernate.hql.internal.antlr.HqlBaseParser.selectStatement(HqlBaseParser.java:336)
	at org.hibernate.hql.internal.antlr.HqlBaseParser.statement(HqlBaseParser.java:200)
	at org.hibernate.hql.internal.ast.QueryTranslatorImpl.parse(QueryTranslatorImpl.java:294)
	at org.hibernate.hql.internal.ast.QueryTranslatorImpl.doCompile(QueryTranslatorImpl.java:189)
	at org.hibernate.hql.internal.ast.QueryTranslatorImpl.compile(QueryTranslatorImpl.java:144)
	at org.hibernate.engine.query.spi.HQLQueryPlan.<init>(HQLQueryPlan.java:113)
	at org.hibernate.engine.query.spi.HQLQueryPlan.<init>(HQLQueryPlan.java:73)
	at org.hibernate.engine.query.spi.QueryPlanCache.getHQLQueryPlan(QueryPlanCache.java:162)
	at org.hibernate.internal.AbstractSharedSessionContract.getQueryPlan(AbstractSharedSessionContract.java:604)
	at org.hibernate.internal.AbstractSharedSessionContract.createQuery(AbstractSharedSessionContract.java:716)
	at org.hibernate.internal.AbstractSharedSessionContract.createQuery(AbstractSharedSessionContract.java:113)
	at java.base/jdk.internal.reflect.NativeMethodAccessorImpl.invoke0(Native Method)
	at java.base/jdk.internal.reflect.NativeMethodAccessorImpl.invoke(NativeMethodAccessorImpl.java:62)
	at java.base/jdk.internal.reflect.DelegatingMethodAccessorImpl.invoke(DelegatingMethodAccessorImpl.java:43)
	at java.base/java.lang.reflect.Method.invoke(Method.java:564)
	at org.hibernate.context.internal.ThreadLocalSessionContext$TransactionProtectionWrapper.invoke(ThreadLocalSessionContext.java:351)
	at com.sun.proxy.$Proxy32.createQuery(Unknown Source)
	at hibernate.demo.QueryStudentDemo.main(QueryStudentDemo.java:32)
HHH10001008: Cleaning up connection pool [jdbc:mysql://localhost:3306/hb_student_tracker?useSSL=false&serverTimezone=UTC]
  Connection leak detected: there are 1 unclosed connections upon shutting down pool jdbc:mysql://localhost:3306/hb_student_tracker?useSSL=false&serverTimezone=UTC
  HHH000412: Hibernate ORM core version 5.4.22.Final
  HCANN000001: Hibernate Commons Annotations {5.1.0.Final}
  HHH10001002: Using Hibernate built-in connection pool (not for production use!)
  HHH10001005: using driver [com.mysql.cj.jdbc.Driver] at URL [jdbc:mysql://localhost:3306/hb_student_tracker?useSSL=false&serverTimezone=UTC]
  HHH10001001: Connection properties: {password=****, user=hbstudent}
  HHH10001003: Autocommit mode: false
  HHH000115: Hibernate connection pool size: 1 (min=1)
  HHH000400: Using dialect: org.hibernate.dialect.MySQLDialect
  Student [id=1, firstName=Pradhumna, lastName=Rathore, email=pradhumnarathore@gmail.com]
  Student [id=2, firstName=Hardik, lastName=Gupta, email=hardik@gmail.com]
  Student [id=3, firstName=Poorva, lastName=Paliwal, email=poorvapaliwal@gmail.com]
  Student [id=4, firstName=Namrata, lastName=Soni, email=namratasoni@gmail.com]
  

Students who have last name of Doe
  Student [id=1, firstName=Pradhumna, lastName=Rathore, email=pradhumnarathore@gmail.com]
  Done!
  HHH10001008: Cleaning up connection pool [jdbc:mysql://localhost:3306/hb_student_tracker?useSSL=false&serverTimezone=UTC]
  HHH000412: Hibernate ORM core version 5.4.22.Final
  HCANN000001: Hibernate Commons Annotations {5.1.0.Final}
  HHH10001002: Using Hibernate built-in connection pool (not for production use!)
  HHH10001005: using driver [com.mysql.cj.jdbc.Driver] at URL [jdbc:mysql://localhost:3306/hb_student_tracker?useSSL=false&serverTimezone=UTC]
  HHH10001001: Connection properties: {password=****, user=hbstudent}
  HHH10001003: Autocommit mode: false
  HHH000115: Hibernate connection pool size: 1 (min=1)
  HHH000400: Using dialect: org.hibernate.dialect.MySQLDialect
  getting student with id1
  updating studen
  done
  HHH10001008: Cleaning up connection pool [jdbc:mysql://localhost:3306/hb_student_tracker?useSSL=false&serverTimezone=UTC]
  HHH000412: Hibernate ORM core version 5.4.22.Final
  HCANN000001: Hibernate Commons Annotations {5.1.0.Final}
  HHH10001002: Using Hibernate built-in connection pool (not for production use!)
  HHH10001005: using driver [com.mysql.cj.jdbc.Driver] at URL [jdbc:mysql://localhost:3306/hb_student_tracker?useSSL=false&serverTimezone=UTC]
  HHH10001001: Connection properties: {password=****, user=hbstudent}
  HHH10001003: Autocommit mode: false
  HHH000115: Hibernate connection pool size: 1 (min=1)
  HHH000400: Using dialect: org.hibernate.dialect.MySQLDialect
  getting student with id1
  updating studen
  update mail for all stundent
  HHH10001008: Cleaning up connection pool [jdbc:mysql://localhost:3306/hb_student_tracker?useSSL=false&serverTimezone=UTC]
  Connection leak detected: there are 1 unclosed connections upon shutting down pool jdbc:mysql://localhost:3306/hb_student_tracker?useSSL=false&serverTimezone=UTC
  HHH000412: Hibernate ORM core version 5.4.22.Final
  HCANN000001: Hibernate Commons Annotations {5.1.0.Final}
  HHH10001002: Using Hibernate built-in connection pool (not for production use!)
  HHH10001005: using driver [com.mysql.cj.jdbc.Driver] at URL [jdbc:mysql://localhost:3306/hb_student_tracker?useSSL=false&serverTimezone=UTC]
  HHH10001001: Connection properties: {password=****, user=hbstudent}
  HHH10001003: Autocommit mode: false
  HHH000115: Hibernate connection pool size: 1 (min=1)
  HHH000400: Using dialect: org.hibernate.dialect.MySQLDialect
  getting student with id1
  updating studen
  update mail for all stundent
  done
  HHH10001008: Cleaning up connection pool [jdbc:mysql://localhost:3306/hb_student_tracker?useSSL=false&serverTimezone=UTC]
  HHH000412: Hibernate ORM core version 5.4.22.Final
  HCANN000001: Hibernate Commons Annotations {5.1.0.Final}
  HHH10001002: Using Hibernate built-in connection pool (not for production use!)
  HHH10001005: using driver [com.mysql.cj.jdbc.Driver] at URL [jdbc:mysql://localhost:3306/hb_student_tracker?useSSL=false&serverTimezone=UTC]
  HHH10001001: Connection properties: {password=****, user=hbstudent}
  HHH10001003: Autocommit mode: false
  HHH000115: Hibernate connection pool size: 1 (min=1)
  HHH000400: Using dialect: org.hibernate.dialect.MySQLDialect
  getting student with id1
  deleting studentStudent [id=1, firstName=Ram, lastName=Rathore, email=foo@gmail.com]
  done
  HHH10001008: Cleaning up connection pool [jdbc:mysql://localhost:3306/hb_student_tracker?useSSL=false&serverTimezone=UTC]
  HHH000412: Hibernate ORM core version 5.4.22.Final
  HCANN000001: Hibernate Commons Annotations {5.1.0.Final}
  HHH10001002: Using Hibernate built-in connection pool (not for production use!)
  HHH10001005: using driver [com.mysql.cj.jdbc.Driver] at URL [jdbc:mysql://localhost:3306/hb_student_tracker?useSSL=false&serverTimezone=UTC]
  HHH10001001: Connection properties: {password=****, user=hbstudent}
  HHH10001003: Autocommit mode: false
  HHH000115: Hibernate connection pool size: 1 (min=1)
  HHH000400: Using dialect: org.hibernate.dialect.MySQLDialect
  getting student with id1
  deleting student with id=2
  done
  HHH10001008: Cleaning up connection pool [jdbc:mysql://localhost:3306/hb_student_tracker?useSSL=false&serverTimezone=UTC]
  