HHH000412: Hibernate ORM core version 5.4.22.Final
  HCANN000001: Hibernate Commons Annotations {5.1.0.Final}
  HHH10001002: Using Hibernate built-in connection pool (not for production use!)
  HHH10001005: using driver [com.mysql.cj.jdbc.Driver] at URL [jdbc:mysql://localhost:3306/hb-05-many-to-many?useSSL=false&serverTimezone=UTC]
  HHH10001001: Connection properties: {password=****, user=hbstudent}
  HHH10001003: Autocommit mode: false
  HHH000115: Hibernate connection pool size: 1 (min=1)
  HHH000400: Using dialect: org.hibernate.dialect.MySQLDialect
  loaded student : Student [id=3, firstName=Pradhumna, lastName=Rathore, email=pradhumna@gmail.com]
  courses : [Course [id=10, title=Spring]]
  done
  HHH10001008: Cleaning up connection pool [jdbc:mysql://localhost:3306/hb-05-many-to-many?useSSL=false&serverTimezone=UTC]
  HHH000412: Hibernate ORM core version 5.4.22.Final
  HCANN000001: Hibernate Commons Annotations {5.1.0.Final}
  HHH10001002: Using Hibernate built-in connection pool (not for production use!)
  HHH10001005: using driver [com.mysql.cj.jdbc.Driver] at URL [jdbc:mysql://localhost:3306/hb-05-many-to-many?useSSL=false&serverTimezone=UTC]
  HHH10001001: Connection properties: {password=****, user=hbstudent}
  HHH10001003: Autocommit mode: false
  HHH000115: Hibernate connection pool size: 1 (min=1)
  HHH000400: Using dialect: org.hibernate.dialect.MySQLDialect
  courses : [Course [id=10, title=Spring], Course [id=11, title=python], Course [id=12, title=React]]
  done
  HHH10001008: Cleaning up connection pool [jdbc:mysql://localhost:3306/hb-05-many-to-many?useSSL=false&serverTimezone=UTC]
  HHH000412: Hibernate ORM core version 5.4.22.Final
  HCANN000001: Hibernate Commons Annotations {5.1.0.Final}
  HHH10001002: Using Hibernate built-in connection pool (not for production use!)
  HHH10001005: using driver [com.mysql.cj.jdbc.Driver] at URL [jdbc:mysql://localhost:3306/hb-05-many-to-many?useSSL=false&serverTimezone=UTC]
  HHH10001001: Connection properties: {password=****, user=hbstudent}
  HHH10001003: Autocommit mode: false
  HHH000115: Hibernate connection pool size: 1 (min=1)
  HHH000400: Using dialect: org.hibernate.dialect.MySQLDialect
  deleting courseCourse [id=11, title=python]
  done
  HHH10001008: Cleaning up connection pool [jdbc:mysql://localhost:3306/hb-05-many-to-many?useSSL=false&serverTimezone=UTC]
  HHH000412: Hibernate ORM core version 5.4.22.Final
  HCANN000001: Hibernate Commons Annotations {5.1.0.Final}
  HHH10001002: Using Hibernate built-in connection pool (not for production use!)
  HHH10001005: using driver [com.mysql.cj.jdbc.Driver] at URL [jdbc:mysql://localhost:3306/hb-05-many-to-many?useSSL=false&serverTimezone=UTC]
  HHH10001001: Connection properties: {password=****, user=hbstudent}
  HHH10001003: Autocommit mode: false
  HHH000115: Hibernate connection pool size: 1 (min=1)
  HHH000400: Using dialect: org.hibernate.dialect.MySQLDialect
  deleting  Student [id=2, firstName=Namrata, lastName=Soni, email=namrata@gmail.com]
  done
  HHH10001008: Cleaning up connection pool [jdbc:mysql://localhost:3306/hb-05-many-to-many?useSSL=false&serverTimezone=UTC]
  HHH000412: Hibernate ORM core version 5.4.22.Final
  HCANN000001: Hibernate Commons Annotations {5.1.0.Final}
  HHH10001002: Using Hibernate built-in connection pool (not for production use!)
  HHH10001005: using driver [com.mysql.cj.jdbc.Driver] at URL [jdbc:mysql://localhost:3306/hb-05-many-to-many?useSSL=false&serverTimezone=UTC]
  HHH10001001: Connection properties: {password=****, user=hbstudent}
  HHH10001003: Autocommit mode: false
  HHH000115: Hibernate connection pool size: 1 (min=1)
  HHH000400: Using dialect: org.hibernate.dialect.MySQLDialect
  deleting  Student [id=3, firstName=Pradhumna, lastName=Rathore, email=pradhumna@gmail.com]
  done
  HHH10001008: Cleaning up connection pool [jdbc:mysql://localhost:3306/hb-05-many-to-many?useSSL=false&serverTimezone=UTC]
  