HHH000412: Hibernate ORM core version 5.4.22.Final
  HCANN000001: Hibernate Commons Annotations {5.1.0.Final}
  HHH10001002: Using Hibernate built-in connection pool (not for production use!)
  HHH10001005: using driver [com.mysql.cj.jdbc.Driver] at URL [jdbc:mysql://localhost:3306/hb-01-one-to-one-uni?useSSL=false&serverTimezone=UTC]
  HHH10001001: Connection properties: {password=****, user=hbstudent}
  HHH10001003: Autocommit mode: false
  HHH000115: Hibernate connection pool size: 1 (min=1)
  HHH000400: Using dialect: org.hibernate.dialect.MySQLDialect
  saving instructor
  SQL Error: 1146, SQLState: 42S02
  Table 'hb-01-one-to-one-uni.instructor_details' doesn't exist
  HHH10001008: Cleaning up connection pool [jdbc:mysql://localhost:3306/hb-01-one-to-one-uni?useSSL=false&serverTimezone=UTC]
  Connection leak detected: there are 1 unclosed connections upon shutting down pool jdbc:mysql://localhost:3306/hb-01-one-to-one-uni?useSSL=false&serverTimezone=UTC
  HHH000412: Hibernate ORM core version 5.4.22.Final
  HCANN000001: Hibernate Commons Annotations {5.1.0.Final}
  HHH10001002: Using Hibernate built-in connection pool (not for production use!)
  HHH10001005: using driver [com.mysql.cj.jdbc.Driver] at URL [jdbc:mysql://localhost:3306/hb-01-one-to-one-uni?useSSL=false&serverTimezone=UTC]
  HHH10001001: Connection properties: {password=****, user=hbstudent}
  HHH10001003: Autocommit mode: false
  HHH000115: Hibernate connection pool size: 1 (min=1)
  HHH000400: Using dialect: org.hibernate.dialect.MySQLDialect
  saving instructor
  SQL Error: 1054, SQLState: 42S22
  Unknown column 'instructor_details_id' in 'field list'
  HHH10001008: Cleaning up connection pool [jdbc:mysql://localhost:3306/hb-01-one-to-one-uni?useSSL=false&serverTimezone=UTC]
  Connection leak detected: there are 1 unclosed connections upon shutting down pool jdbc:mysql://localhost:3306/hb-01-one-to-one-uni?useSSL=false&serverTimezone=UTC
  HHH000412: Hibernate ORM core version 5.4.22.Final
  HCANN000001: Hibernate Commons Annotations {5.1.0.Final}
  HHH10001002: Using Hibernate built-in connection pool (not for production use!)
  HHH10001005: using driver [com.mysql.cj.jdbc.Driver] at URL [jdbc:mysql://localhost:3306/hb-01-one-to-one-uni?useSSL=false&serverTimezone=UTC]
  HHH10001001: Connection properties: {password=****, user=hbstudent}
  HHH10001003: Autocommit mode: false
  HHH000115: Hibernate connection pool size: 1 (min=1)
  HHH000400: Using dialect: org.hibernate.dialect.MySQLDialect
  saving instructor
  done
  HHH10001008: Cleaning up connection pool [jdbc:mysql://localhost:3306/hb-01-one-to-one-uni?useSSL=false&serverTimezone=UTC]
  HHH000412: Hibernate ORM core version 5.4.22.Final
  HCANN000001: Hibernate Commons Annotations {5.1.0.Final}
  HHH10001002: Using Hibernate built-in connection pool (not for production use!)
  HHH10001005: using driver [com.mysql.cj.jdbc.Driver] at URL [jdbc:mysql://localhost:3306/hb-01-one-to-one-uni?useSSL=false&serverTimezone=UTC]
  HHH10001001: Connection properties: {password=****, user=hbstudent}
  HHH10001003: Autocommit mode: false
  HHH000115: Hibernate connection pool size: 1 (min=1)
  HHH000400: Using dialect: org.hibernate.dialect.MySQLDialect
  saving instructor
  done
  HHH10001008: Cleaning up connection pool [jdbc:mysql://localhost:3306/hb-01-one-to-one-uni?useSSL=false&serverTimezone=UTC]
  HHH000412: Hibernate ORM core version 5.4.22.Final
  HCANN000001: Hibernate Commons Annotations {5.1.0.Final}
  HHH10001002: Using Hibernate built-in connection pool (not for production use!)
  HHH10001005: using driver [com.mysql.cj.jdbc.Driver] at URL [jdbc:mysql://localhost:3306/hb-01-one-to-one-uni?useSSL=false&serverTimezone=UTC]
  HHH10001001: Connection properties: {password=****, user=hbstudent}
  HHH10001003: Autocommit mode: false
  HHH000115: Hibernate connection pool size: 1 (min=1)
  HHH000400: Using dialect: org.hibernate.dialect.MySQLDialect
  instructor found : hibernate.demo_one_to_one.Instructor@a83495d
  deletinghibernate.demo_one_to_one.Instructor@a83495d
  done
  HHH10001008: Cleaning up connection pool [jdbc:mysql://localhost:3306/hb-01-one-to-one-uni?useSSL=false&serverTimezone=UTC]
  HHH000412: Hibernate ORM core version 5.4.22.Final
  HCANN000001: Hibernate Commons Annotations {5.1.0.Final}
  HHH10001002: Using Hibernate built-in connection pool (not for production use!)
  HHH10001005: using driver [com.mysql.cj.jdbc.Driver] at URL [jdbc:mysql://localhost:3306/hb-01-one-to-one-uni?useSSL=false&serverTimezone=UTC]
  HHH10001001: Connection properties: {password=****, user=hbstudent}
  HHH10001003: Autocommit mode: false
  HHH000115: Hibernate connection pool size: 1 (min=1)
  HHH000400: Using dialect: org.hibernate.dialect.MySQLDialect
  HHH000412: Hibernate ORM core version 5.4.22.Final
  HCANN000001: Hibernate Commons Annotations {5.1.0.Final}
  HHH10001002: Using Hibernate built-in connection pool (not for production use!)
  HHH10001005: using driver [com.mysql.cj.jdbc.Driver] at URL [jdbc:mysql://localhost:3306/hb-01-one-to-one-uni?useSSL=false&serverTimezone=UTC]
  HHH10001001: Connection properties: {password=****, user=hbstudent}
  HHH10001003: Autocommit mode: false
  HHH000115: Hibernate connection pool size: 1 (min=1)
  HHH000400: Using dialect: org.hibernate.dialect.MySQLDialect
  HHH10001008: Cleaning up connection pool [jdbc:mysql://localhost:3306/hb-01-one-to-one-uni?useSSL=false&serverTimezone=UTC]
  Connection leak detected: there are 1 unclosed connections upon shutting down pool jdbc:mysql://localhost:3306/hb-01-one-to-one-uni?useSSL=false&serverTimezone=UTC
  HHH000412: Hibernate ORM core version 5.4.22.Final
  HCANN000001: Hibernate Commons Annotations {5.1.0.Final}
  HHH10001002: Using Hibernate built-in connection pool (not for production use!)
  HHH10001005: using driver [com.mysql.cj.jdbc.Driver] at URL [jdbc:mysql://localhost:3306/hb-01-one-to-one-uni?useSSL=false&serverTimezone=UTC]
  HHH10001001: Connection properties: {password=****, user=hbstudent}
  HHH10001003: Autocommit mode: false
  HHH000115: Hibernate connection pool size: 1 (min=1)
  HHH000400: Using dialect: org.hibernate.dialect.MySQLDialect
  HHH10001008: Cleaning up connection pool [jdbc:mysql://localhost:3306/hb-01-one-to-one-uni?useSSL=false&serverTimezone=UTC]
  Connection leak detected: there are 1 unclosed connections upon shutting down pool jdbc:mysql://localhost:3306/hb-01-one-to-one-uni?useSSL=false&serverTimezone=UTC
  HHH000412: Hibernate ORM core version 5.4.22.Final
  HCANN000001: Hibernate Commons Annotations {5.1.0.Final}
  HHH10001002: Using Hibernate built-in connection pool (not for production use!)
  HHH10001005: using driver [com.mysql.cj.jdbc.Driver] at URL [jdbc:mysql://localhost:3306/hb-01-one-to-one-uni?useSSL=false&serverTimezone=UTC]
  HHH10001001: Connection properties: {password=****, user=hbstudent}
  HHH10001003: Autocommit mode: false
  HHH000115: Hibernate connection pool size: 1 (min=1)
  HHH000400: Using dialect: org.hibernate.dialect.MySQLDialect
  done
  HHH10001008: Cleaning up connection pool [jdbc:mysql://localhost:3306/hb-01-one-to-one-uni?useSSL=false&serverTimezone=UTC]
  HHH000412: Hibernate ORM core version 5.4.22.Final
  HCANN000001: Hibernate Commons Annotations {5.1.0.Final}
  HHH10001002: Using Hibernate built-in connection pool (not for production use!)
  HHH10001005: using driver [com.mysql.cj.jdbc.Driver] at URL [jdbc:mysql://localhost:3306/hb-01-one-to-one-uni?useSSL=false&serverTimezone=UTC]
  HHH10001001: Connection properties: {password=****, user=hbstudent}
  HHH10001003: Autocommit mode: false
  HHH000115: Hibernate connection pool size: 1 (min=1)
  HHH000400: Using dialect: org.hibernate.dialect.MySQLDialect
  done
  HHH10001008: Cleaning up connection pool [jdbc:mysql://localhost:3306/hb-01-one-to-one-uni?useSSL=false&serverTimezone=UTC]
  HHH000412: Hibernate ORM core version 5.4.22.Final
  HCANN000001: Hibernate Commons Annotations {5.1.0.Final}
  HHH10001002: Using Hibernate built-in connection pool (not for production use!)
  HHH10001005: using driver [com.mysql.cj.jdbc.Driver] at URL [jdbc:mysql://localhost:3306/hb-01-one-to-one-uni?useSSL=false&serverTimezone=UTC]
  HHH10001001: Connection properties: {password=****, user=hbstudent}
  HHH10001003: Autocommit mode: false
  HHH000115: Hibernate connection pool size: 1 (min=1)
  HHH000400: Using dialect: org.hibernate.dialect.MySQLDialect
  tempInstructorDetails InstructorDetails [id=3, youTubeChannel=youtube.com/namrata, hobby=watching movie]
  the associated instructor : Instructor [id=2, firstName=Namrata, lastName=Soni, email=namrata@gmail.com, instructorDetail=InstructorDetails [id=3, youTubeChannel=youtube.com/namrata, hobby=watching movie]]
  done
  HHH10001008: Cleaning up connection pool [jdbc:mysql://localhost:3306/hb-01-one-to-one-uni?useSSL=false&serverTimezone=UTC]
  java.lang.NullPointerException: Cannot invoke "hibernate.demo_one_to_one_bidirectional.InstructorDetails.getInstructor()" because "tempInstructorDetails" is null
  Connection leak detected: there are 1 unclosed connections upon shutting down pool jdbc:mysql://localhost:3306/hb-01-one-to-one-uni?useSSL=false&serverTimezone=UTC
  HHH000412: Hibernate ORM core version 5.4.22.Final
  HCANN000001: Hibernate Commons Annotations {5.1.0.Final}
  HHH10001002: Using Hibernate built-in connection pool (not for production use!)
  HHH10001005: using driver [com.mysql.cj.jdbc.Driver] at URL [jdbc:mysql://localhost:3306/hb-03-one-to-many?useSSL=false&serverTimezone=UTC]
  HHH10001001: Connection properties: {password=****, user=hbstudent}
  HHH10001003: Autocommit mode: false
  HHH000115: Hibernate connection pool size: 1 (min=1)
  HHH000400: Using dialect: org.hibernate.dialect.MySQLDialect
  Instructor : Instructor [id=1, firstName=Pradhumna, lastName=Rathore, email=pradhumna@gmail.com, instructorDetail=InstructorDetails [id=1, youTubeChannel=youtube.com/pradhumna, hobby=watching movie]]
  Courses : [Course [id=10, title=java], Course [id=11, title=python]]
  done
  HHH10001008: Cleaning up connection pool [jdbc:mysql://localhost:3306/hb-03-one-to-many?useSSL=false&serverTimezone=UTC]
  